[26-Oct-2016 21:02:21 Europe/London] PHP Warning:  fopen(/tmp/cachedHelvetica.php): failed to open stream: No such file or directory in D:\Projekte\WebProgramming\pdf-php\src\Cpdf.php on line 2039
[26-Oct-2016 21:02:21 Europe/London] PHP Stack trace:
[26-Oct-2016 21:02:21 Europe/London] PHP   1. {main}() D:\Projekte\WebProgramming\pdf-php\examples\tables.php:0
[26-Oct-2016 21:02:21 Europe/London] PHP   2. Cpdf->selectFont($fontName = *uninitialized*, $encoding = *uninitialized*, $set = *uninitialized*, $subsetFont = *uninitialized*) D:\Projekte\WebProgramming\pdf-php\examples\tables.php:5
[26-Oct-2016 21:02:21 Europe/London] PHP   3. Cpdf->openFont($font = *uninitialized*) D:\Projekte\WebProgramming\pdf-php\src\Cpdf.php:2084
[26-Oct-2016 21:02:21 Europe/London] PHP   4. fopen(*uninitialized*, *uninitialized*) D:\Projekte\WebProgramming\pdf-php\src\Cpdf.php:2039
[26-Oct-2016 21:02:31 Europe/London] PHP Warning:  fwrite() expects parameter 1 to be resource, boolean given in D:\Projekte\WebProgramming\pdf-php\src\Cpdf.php on line 2040
[26-Oct-2016 21:02:31 Europe/London] PHP Stack trace:
[26-Oct-2016 21:02:31 Europe/London] PHP   1. {main}() D:\Projekte\WebProgramming\pdf-php\examples\tables.php:0
[26-Oct-2016 21:02:31 Europe/London] PHP   2. Cpdf->selectFont($fontName = *uninitialized*, $encoding = *uninitialized*, $set = *uninitialized*, $subsetFont = *uninitialized*) D:\Projekte\WebProgramming\pdf-php\examples\tables.php:5
[26-Oct-2016 21:02:31 Europe/London] PHP   3. Cpdf->openFont($font = *uninitialized*) D:\Projekte\WebProgramming\pdf-php\src\Cpdf.php:2084
[26-Oct-2016 21:02:31 Europe/London] PHP   4. fwrite(*uninitialized*, *uninitialized*) D:\Projekte\WebProgramming\pdf-php\src\Cpdf.php:2040
[26-Oct-2016 21:02:32 Europe/London] PHP Warning:  fclose() expects parameter 1 to be resource, boolean given in D:\Projekte\WebProgramming\pdf-php\src\Cpdf.php on line 2041
[26-Oct-2016 21:02:32 Europe/London] PHP Stack trace:
[26-Oct-2016 21:02:32 Europe/London] PHP   1. {main}() D:\Projekte\WebProgramming\pdf-php\examples\tables.php:0
[26-Oct-2016 21:02:32 Europe/London] PHP   2. Cpdf->selectFont($fontName = *uninitialized*, $encoding = *uninitialized*, $set = *uninitialized*, $subsetFont = *uninitialized*) D:\Projekte\WebProgramming\pdf-php\examples\tables.php:5
[26-Oct-2016 21:02:32 Europe/London] PHP   3. Cpdf->openFont($font = *uninitialized*) D:\Projekte\WebProgramming\pdf-php\src\Cpdf.php:2084
[26-Oct-2016 21:02:32 Europe/London] PHP   4. fclose(*uninitialized*) D:\Projekte\WebProgramming\pdf-php\src\Cpdf.php:2041
[26-Oct-2016 21:02:58 Europe/London] PHP Warning:  fopen(/tmp/cachedHelvetica-Bold.php): failed to open stream: No such file or directory in D:\Projekte\WebProgramming\pdf-php\src\Cpdf.php on line 2039
[26-Oct-2016 21:02:58 Europe/London] PHP Stack trace:
[26-Oct-2016 21:02:58 Europe/London] PHP   1. {main}() D:\Projekte\WebProgramming\pdf-php\examples\tables.php:0
[26-Oct-2016 21:02:58 Europe/London] PHP   2. Cezpdf->ezText($text = *uninitialized*, $size = *uninitialized*, $options = *uninitialized*, $test = *uninitialized*) D:\Projekte\WebProgramming\pdf-php\examples\tables.php:19
[26-Oct-2016 21:02:58 Europe/London] PHP   3. Cpdf->addText($x = *uninitialized*, $y = *uninitialized*, $size = *uninitialized*, $text = *uninitialized*, $width = *uninitialized*, $justification = *uninitialized*, $angle = *uninitialized*, $wordSpaceAdjust = *uninitialized*, $test = *uninitialized*) D:\Projekte\WebProgramming\pdf-php\src\Cezpdf.php:1688
[26-Oct-2016 21:02:58 Europe/London] PHP   4. Cpdf->getDirectives($text = *uninitialized*, $x = *uninitialized*, $y = *uninitialized*, $width = *uninitialized*, $size = *uninitialized*, $justification = *uninitialized*, $angle = *uninitialized*, $wordSpaceAdjust = *uninitialized*, $noCB = *uninitialized*) D:\Projekte\WebProgramming\pdf-php\src\Cpdf.php:2926
[26-Oct-2016 21:02:58 Europe/London] PHP   5. Cpdf->setCurrentFont() D:\Projekte\WebProgramming\pdf-php\src\Cpdf.php:2838
[26-Oct-2016 21:02:58 Europe/London] PHP   6. Cpdf->selectFont($fontName = *uninitialized*, $encoding = *uninitialized*, $set = *uninitialized*, $subsetFont = *uninitialized*) D:\Projekte\WebProgramming\pdf-php\src\Cpdf.php:2282
[26-Oct-2016 21:02:58 Europe/London] PHP   7. Cpdf->openFont($font = *uninitialized*) D:\Projekte\WebProgramming\pdf-php\src\Cpdf.php:2084
[26-Oct-2016 21:02:58 Europe/London] PHP   8. fopen(*uninitialized*, *uninitialized*) D:\Projekte\WebProgramming\pdf-php\src\Cpdf.php:2039
[26-Oct-2016 21:02:59 Europe/London] PHP Warning:  fwrite() expects parameter 1 to be resource, boolean given in D:\Projekte\WebProgramming\pdf-php\src\Cpdf.php on line 2040
[26-Oct-2016 21:02:59 Europe/London] PHP Stack trace:
[26-Oct-2016 21:02:59 Europe/London] PHP   1. {main}() D:\Projekte\WebProgramming\pdf-php\examples\tables.php:0
[26-Oct-2016 21:02:59 Europe/London] PHP   2. Cezpdf->ezText($text = *uninitialized*, $size = *uninitialized*, $options = *uninitialized*, $test = *uninitialized*) D:\Projekte\WebProgramming\pdf-php\examples\tables.php:19
[26-Oct-2016 21:02:59 Europe/London] PHP   3. Cpdf->addText($x = *uninitialized*, $y = *uninitialized*, $size = *uninitialized*, $text = *uninitialized*, $width = *uninitialized*, $justification = *uninitialized*, $angle = *uninitialized*, $wordSpaceAdjust = *uninitialized*, $test = *uninitialized*) D:\Projekte\WebProgramming\pdf-php\src\Cezpdf.php:1688
[26-Oct-2016 21:02:59 Europe/London] PHP   4. Cpdf->getDirectives($text = *uninitialized*, $x = *uninitialized*, $y = *uninitialized*, $width = *uninitialized*, $size = *uninitialized*, $justification = *uninitialized*, $angle = *uninitialized*, $wordSpaceAdjust = *uninitialized*, $noCB = *uninitialized*) D:\Projekte\WebProgramming\pdf-php\src\Cpdf.php:2926
[26-Oct-2016 21:02:59 Europe/London] PHP   5. Cpdf->setCurrentFont() D:\Projekte\WebProgramming\pdf-php\src\Cpdf.php:2838
[26-Oct-2016 21:02:59 Europe/London] PHP   6. Cpdf->selectFont($fontName = *uninitialized*, $encoding = *uninitialized*, $set = *uninitialized*, $subsetFont = *uninitialized*) D:\Projekte\WebProgramming\pdf-php\src\Cpdf.php:2282
[26-Oct-2016 21:02:59 Europe/London] PHP   7. Cpdf->openFont($font = *uninitialized*) D:\Projekte\WebProgramming\pdf-php\src\Cpdf.php:2084
[26-Oct-2016 21:02:59 Europe/London] PHP   8. fwrite(*uninitialized*, *uninitialized*) D:\Projekte\WebProgramming\pdf-php\src\Cpdf.php:2040
[26-Oct-2016 21:02:59 Europe/London] PHP Warning:  fclose() expects parameter 1 to be resource, boolean given in D:\Projekte\WebProgramming\pdf-php\src\Cpdf.php on line 2041
[26-Oct-2016 21:02:59 Europe/London] PHP Stack trace:
[26-Oct-2016 21:02:59 Europe/London] PHP   1. {main}() D:\Projekte\WebProgramming\pdf-php\examples\tables.php:0
[26-Oct-2016 21:02:59 Europe/London] PHP   2. Cezpdf->ezText($text = *uninitialized*, $size = *uninitialized*, $options = *uninitialized*, $test = *uninitialized*) D:\Projekte\WebProgramming\pdf-php\examples\tables.php:19
[26-Oct-2016 21:02:59 Europe/London] PHP   3. Cpdf->addText($x = *uninitialized*, $y = *uninitialized*, $size = *uninitialized*, $text = *uninitialized*, $width = *uninitialized*, $justification = *uninitialized*, $angle = *uninitialized*, $wordSpaceAdjust = *uninitialized*, $test = *uninitialized*) D:\Projekte\WebProgramming\pdf-php\src\Cezpdf.php:1688
[26-Oct-2016 21:02:59 Europe/London] PHP   4. Cpdf->getDirectives($text = *uninitialized*, $x = *uninitialized*, $y = *uninitialized*, $width = *uninitialized*, $size = *uninitialized*, $justification = *uninitialized*, $angle = *uninitialized*, $wordSpaceAdjust = *uninitialized*, $noCB = *uninitialized*) D:\Projekte\WebProgramming\pdf-php\src\Cpdf.php:2926
[26-Oct-2016 21:02:59 Europe/London] PHP   5. Cpdf->setCurrentFont() D:\Projekte\WebProgramming\pdf-php\src\Cpdf.php:2838
[26-Oct-2016 21:02:59 Europe/London] PHP   6. Cpdf->selectFont($fontName = *uninitialized*, $encoding = *uninitialized*, $set = *uninitialized*, $subsetFont = *uninitialized*) D:\Projekte\WebProgramming\pdf-php\src\Cpdf.php:2282
[26-Oct-2016 21:02:59 Europe/London] PHP   7. Cpdf->openFont($font = *uninitialized*) D:\Projekte\WebProgramming\pdf-php\src\Cpdf.php:2084
[26-Oct-2016 21:02:59 Europe/London] PHP   8. fclose(*uninitialized*) D:\Projekte\WebProgramming\pdf-php\src\Cpdf.php:2041
[26-Oct-2016 21:03:00 Europe/London] PHP Warning:  fopen(/tmp/cachedHelvetica-Oblique.php): failed to open stream: No such file or directory in D:\Projekte\WebProgramming\pdf-php\src\Cpdf.php on line 2039
[26-Oct-2016 21:03:00 Europe/London] PHP Stack trace:
[26-Oct-2016 21:03:00 Europe/London] PHP   1. {main}() D:\Projekte\WebProgramming\pdf-php\examples\tables.php:0
[26-Oct-2016 21:03:00 Europe/London] PHP   2. Cezpdf->ezTable($data = *uninitialized*, $cols = *uninitialized*, $title = *uninitialized*, $options = *uninitialized*) D:\Projekte\WebProgramming\pdf-php\examples\tables.php:24
[26-Oct-2016 21:03:00 Europe/London] PHP   3. Cezpdf->ezTableColumnHeadings($cols = *uninitialized*, $pos = *uninitialized*, $maxWidth = *uninitialized*, $height = *uninitialized*, $descender = *uninitialized*, $gap = *uninitialized*, $size = *uninitialized*, $y = *uninitialized*, $optionsAll = *uninitialized*) D:\Projekte\WebProgramming\pdf-php\src\Cezpdf.php:1277
[26-Oct-2016 21:03:00 Europe/London] PHP   4. Cezpdf->ezText($text = *uninitialized*, $size = *uninitialized*, $options = *uninitialized*, $test = *uninitialized*) D:\Projekte\WebProgramming\pdf-php\src\Cezpdf.php:859
[26-Oct-2016 21:03:00 Europe/London] PHP   5. Cpdf->addText($x = *uninitialized*, $y = *uninitialized*, $size = *uninitialized*, $text = *uninitialized*, $width = *uninitialized*, $justification = *uninitialized*, $angle = *uninitialized*, $wordSpaceAdjust = *uninitialized*, $test = *uninitialized*) D:\Projekte\WebProgramming\pdf-php\src\Cezpdf.php:1688
[26-Oct-2016 21:03:00 Europe/London] PHP   6. Cpdf->getDirectives($text = *uninitialized*, $x = *uninitialized*, $y = *uninitialized*, $width = *uninitialized*, $size = *uninitialized*, $justification = *uninitialized*, $angle = *uninitialized*, $wordSpaceAdjust = *uninitialized*, $noCB = *uninitialized*) D:\Projekte\WebProgramming\pdf-php\src\Cpdf.php:2926
[26-Oct-2016 21:03:00 Europe/London] PHP   7. Cpdf->setCurrentFont() D:\Projekte\WebProgramming\pdf-php\src\Cpdf.php:2838
[26-Oct-2016 21:03:00 Europe/London] PHP   8. Cpdf->selectFont($fontName = *uninitialized*, $encoding = *uninitialized*, $set = *uninitialized*, $subsetFont = *uninitialized*) D:\Projekte\WebProgramming\pdf-php\src\Cpdf.php:2282
[26-Oct-2016 21:03:00 Europe/London] PHP   9. Cpdf->openFont($font = *uninitialized*) D:\Projekte\WebProgramming\pdf-php\src\Cpdf.php:2084
[26-Oct-2016 21:03:00 Europe/London] PHP  10. fopen(*uninitialized*, *uninitialized*) D:\Projekte\WebProgramming\pdf-php\src\Cpdf.php:2039
